<?xml version='1.0'?>
<ns2:test-suite xmlns:ns2='urn:model.allure.qatools.yandex.ru' start='1588837120536' stop='1588837148268'>
    <name>Flipkart product order</name>
    <title>Flipkart product order</title>
    <test-cases>
        <test-case start='1588837120545' status='undefined'>
            <name>Spec 1</name>
            <title>Spec 1</title>
            <labels/>
            <parameters/>
            <steps/>
            <attachments/>
        </test-case>
        <test-case start='1588837120546' status='failed' stop='1588837143287'>
            <name>Spec 1</name>
            <title>Spec 1</title>
            <labels/>
            <parameters/>
            <steps/>
            <attachments>
                <attachment title='Screenshot' source='b5fb1ac4-4c2e-450f-9a12-6f5f1a25b950-attachment.png' type='image/png' size='354751'/>
            </attachments>
            <failure>
                <message>Expected [ Entry({ level: SEVERE, message: 'https://img1a.flixcart.com/www/linchpin/fk-cp-zion/js/app.chunk.04df9522.js 0:878888 "failed to download fonts"', timestamp: 1588837135465, type: '' }), Entry({ level: WARNING, message: 'https://www.flipkart.com/ - A cookie associated with a cross-site resource at http://flipkart.com/ was set without the `SameSite` attribute. A future release of Chrome will only deliver cookies with cross-site requests if they are set with `SameSite=None` and `Secure`. You can review cookies in developer tools under Application>Storage>Cookies and see more details at https://www.chromestatus.com/feature/5088147346030592 and https://www.chromestatus.com/feature/5633521622188032.', timestamp: 1588837138362, type: '' }), Entry({ level: WARNING, message: 'https://www.flipkart.com/ - A cookie associated with a cross-site resource at https://flipkart.com/ was set without the `SameSite` attribute. A future release of Chrome will only deliver cookies with cross-site requests if they are set with `SameSite=None` and `Secure`. You can review cookies in developer tools under Application>Storage>Cookies and see more details at https://www.chromestatus.com/feature/5088147346030592 and https://www.chromestatus.com/feature/5633521622188032.', timestamp: 1588837138404, type: '' }), Entry({ level: SEVERE, message: 'https://rome.api.flipkart.com/api/1/fdp - Failed to load resource: the server responded with a status of 406 (Not Acceptable)', timestamp: 1588837139367, type: '' }), Entry({ level: WARNING, message: 'https://www.flipkart.com/ - A cookie associated with a cross-site resource at http://flipkart.com/ was set without the `SameSite` attribute. A future release of Chrome will only deliver cookies with cross-site requests if they are set with `SameSite=None` and `Secure`. You can review cookies in developer tools under Application>Storage>Cookies and see more details at https://www.chromestatus.com/feature/5088147346030592 and https://www.chromestatus.com/feature/5633521622188032.', timestamp: 1588837141045, type: '' }), Entry({ level: WARNING, message: 'https://www.flipkart.com/ - A cookie associated with a cross-site resource at https://flipkart.com/ was set without the `SameSite` attribute. A future release of Chrome will only deliver cookies with cross-site requests if they are set with `SameSite=None` and `Secure`. You can review cookies in developer tools under Application>Storage>Cookies and see more details at https://www.chromestatus.com/feature/5088147346030592 and https://www.chromestatus.com/feature/5633521622188032.', timestamp: 1588837141045, type: '' }) ] not to contain &lt;jasmine.objectContaining(Object({ level: SEVERE }))>.</message>
                <stack-trace>Error: Failed expectation
                    at C:\Users\Arun\Desktop\Parthi\API\e2e\src\Framework\Specs\spec1.ts:43:24
                    at step (C:\Users\Arun\Desktop\Parthi\API\node_modules\tslib\tslib.js:139:27)
                    at Object.next (C:\Users\Arun\Desktop\Parthi\API\node_modules\tslib\tslib.js:120:57)
                    at fulfilled (C:\Users\Arun\Desktop\Parthi\API\node_modules\tslib\tslib.js:110:62)
                    at processTicksAndRejections (internal/process/task_queues.js:97:5)</stack-trace>
            </failure>
        </test-case>
        <test-case start='1588837143287' status='undefined'>
            <name>Search results - laptop </name>
            <title>Search results - laptop </title>
            <labels/>
            <parameters/>
            <steps/>
            <attachments/>
        </test-case>
        <test-case start='1588837143287' status='failed' stop='1588837148264'>
            <name>Search results - laptop </name>
            <title>Search results - laptop </title>
            <labels/>
            <parameters/>
            <steps/>
            <attachments>
                <attachment title='Screenshot' source='dbb1a370-5aea-47b8-809f-84b3049a2db0-attachment.png' type='image/png' size='204035'/>
            </attachments>
            <failure>
                <message>Failed: element click intercepted: Element &lt;path class="_2BhAHa" d="m6.486 10.901c-2.42 0-4.381-1.956-4.381-4.368 0-2.413 1.961-4.369 4.381-4.369 2.42 0 4.381 1.956 4.381 4.369 0 2.413-1.961 4.368-4.381 4.368m0-10.835c-3.582 0-6.486 2.895-6.486 6.467 0 3.572 2.904 6.467 6.486 6.467 3.582 0 6.486-2.895 6.486-6.467 0-3.572-2.904-6.467-6.486-6.467">&lt;/path> is not clickable at point (808, 25). Other element would receive the click: &lt;svg width="20" height="20" viewBox="0 0 17 18" class="" xmlns="http://www.w3.org/2000/svg">...&lt;/svg>
                  (Session info: chrome=81.0.4044.138)
                  (Driver info: chromedriver=81.0.4044.20 (f006328e39a9769596eb506c8841c3004b24e747-refs/branch-heads/4044@{#244}),platform=Windows NT 10.0.18362 x86_64)</message>
                <stack-trace>WebDriverError: element click intercepted: Element &lt;path class="_2BhAHa" d="m6.486 10.901c-2.42 0-4.381-1.956-4.381-4.368 0-2.413 1.961-4.369 4.381-4.369 2.42 0 4.381 1.956 4.381 4.369 0 2.413-1.961 4.368-4.381 4.368m0-10.835c-3.582 0-6.486 2.895-6.486 6.467 0 3.572 2.904 6.467 6.486 6.467 3.582 0 6.486-2.895 6.486-6.467 0-3.572-2.904-6.467-6.486-6.467">&lt;/path> is not clickable at point (808, 25). Other element would receive the click: &lt;svg width="20" height="20" viewBox="0 0 17 18" class="" xmlns="http://www.w3.org/2000/svg">...&lt;/svg>
                  (Session info: chrome=81.0.4044.138)
                  (Driver info: chromedriver=81.0.4044.20 (f006328e39a9769596eb506c8841c3004b24e747-refs/branch-heads/4044@{#244}),platform=Windows NT 10.0.18362 x86_64)
                    at Object.checkLegacyResponse (C:\Users\Arun\Desktop\Parthi\API\node_modules\selenium-webdriver\lib\error.js:546:15)
                    at parseHttpResponse (C:\Users\Arun\Desktop\Parthi\API\node_modules\selenium-webdriver\lib\http.js:509:13)
                    at C:\Users\Arun\Desktop\Parthi\API\node_modules\selenium-webdriver\lib\http.js:441:30
                    at processTicksAndRejections (internal/process/task_queues.js:97:5)
                From: Task: WebElement.click()
                    at Driver.schedule (C:\Users\Arun\Desktop\Parthi\API\node_modules\selenium-webdriver\lib\webdriver.js:807:17)
                    at WebElement.schedule_ (C:\Users\Arun\Desktop\Parthi\API\node_modules\selenium-webdriver\lib\webdriver.js:2010:25)
                    at WebElement.click (C:\Users\Arun\Desktop\Parthi\API\node_modules\selenium-webdriver\lib\webdriver.js:2092:17)
                    at actionFn (C:\Users\Arun\Desktop\Parthi\API\node_modules\protractor\built\element.js:89:44)
                    at Array.map (&lt;anonymous>)
                    at C:\Users\Arun\Desktop\Parthi\API\node_modules\protractor\built\element.js:461:65
                    at ManagedPromise.invokeCallback_ (C:\Users\Arun\Desktop\Parthi\API\node_modules\selenium-webdriver\lib\promise.js:1376:14)
                    at TaskQueue.execute_ (C:\Users\Arun\Desktop\Parthi\API\node_modules\selenium-webdriver\lib\promise.js:3084:14)
                    at TaskQueue.executeNext_ (C:\Users\Arun\Desktop\Parthi\API\node_modules\selenium-webdriver\lib\promise.js:3067:27)
                    at C:\Users\Arun\Desktop\Parthi\API\node_modules\selenium-webdriver\lib\promise.js:2927:27Error: 
                    at ElementArrayFinder.applyAction_ (C:\Users\Arun\Desktop\Parthi\API\node_modules\protractor\built\element.js:459:27)
                    at ElementArrayFinder.&lt;computed> [as click] (C:\Users\Arun\Desktop\Parthi\API\node_modules\protractor\built\element.js:91:29)
                    at ElementFinder.&lt;computed> [as click] (C:\Users\Arun\Desktop\Parthi\API\node_modules\protractor\built\element.js:831:22)
                    at page1.&lt;anonymous> (C:\Users\Arun\Desktop\Parthi\API\e2e\src\Framework\Page\page1.ts:11:23)
                    at step (C:\Users\Arun\Desktop\Parthi\API\node_modules\tslib\tslib.js:139:27)
                    at Object.next (C:\Users\Arun\Desktop\Parthi\API\node_modules\tslib\tslib.js:120:57)
                    at fulfilled (C:\Users\Arun\Desktop\Parthi\API\node_modules\tslib\tslib.js:110:62)
                    at processTicksAndRejections (internal/process/task_queues.js:97:5)
                From: Task: Run it("Search results - laptop ") in control flow
                    at UserContext.&lt;anonymous> (C:\Users\Arun\Desktop\Parthi\API\node_modules\jasminewd2\index.js:94:19)
                    at attempt (C:\Users\Arun\Desktop\Parthi\API\node_modules\jasmine\node_modules\jasmine-core\lib\jasmine-core\jasmine.js:4297:26)
                    at QueueRunner.run (C:\Users\Arun\Desktop\Parthi\API\node_modules\jasmine\node_modules\jasmine-core\lib\jasmine-core\jasmine.js:4217:20)
                    at QueueRunner.execute (C:\Users\Arun\Desktop\Parthi\API\node_modules\jasmine\node_modules\jasmine-core\lib\jasmine-core\jasmine.js:4199:10)
                    at Spec.queueRunnerFactory (C:\Users\Arun\Desktop\Parthi\API\node_modules\jasmine\node_modules\jasmine-core\lib\jasmine-core\jasmine.js:909:35)
                    at Spec.execute (C:\Users\Arun\Desktop\Parthi\API\node_modules\jasmine\node_modules\jasmine-core\lib\jasmine-core\jasmine.js:526:10)
                    at UserContext.fn (C:\Users\Arun\Desktop\Parthi\API\node_modules\jasmine\node_modules\jasmine-core\lib\jasmine-core\jasmine.js:5340:37)
                    at attempt (C:\Users\Arun\Desktop\Parthi\API\node_modules\jasmine\node_modules\jasmine-core\lib\jasmine-core\jasmine.js:4297:26)
                    at QueueRunner.run (C:\Users\Arun\Desktop\Parthi\API\node_modules\jasmine\node_modules\jasmine-core\lib\jasmine-core\jasmine.js:4217:20)
                    at runNext (C:\Users\Arun\Desktop\Parthi\API\node_modules\jasmine\node_modules\jasmine-core\lib\jasmine-core\jasmine.js:4257:20)
                From asynchronous test: 
                Error: 
                    at Suite.&lt;anonymous> (C:\Users\Arun\Desktop\Parthi\API\e2e\src\Framework\Specs\spec1.ts:30:5)
                    at addSpecsToSuite (C:\Users\Arun\Desktop\Parthi\API\node_modules\jasmine\node_modules\jasmine-core\lib\jasmine-core\jasmine.js:1107:25)
                    at Env.describe (C:\Users\Arun\Desktop\Parthi\API\node_modules\jasmine\node_modules\jasmine-core\lib\jasmine-core\jasmine.js:1074:7)
                    at describe (C:\Users\Arun\Desktop\Parthi\API\node_modules\jasmine\node_modules\jasmine-core\lib\jasmine-core\jasmine.js:4399:18)
                    at C:\Users\Arun\Desktop\Parthi\API\e2e\src\Framework\Specs\spec1.ts:14:3
                    at C:\Users\Arun\Desktop\Parthi\API\node_modules\jasmine-data-provider\src\index.js:37:22
                    at Array.forEach (&lt;anonymous>)
                    at C:\Users\Arun\Desktop\Parthi\API\node_modules\jasmine-data-provider\src\index.js:30:24
                    at Object.&lt;anonymous> (C:\Users\Arun\Desktop\Parthi\API\e2e\src\Framework\Specs\spec1.ts:12:1)</stack-trace>
            </failure>
        </test-case>
    </test-cases>
</ns2:test-suite>